<?xml version="1.0" encoding="UTF-8"?>
<testsuites name="New Test Suite" time="12.738" tests="1" failures="0" errors="0">
   <testsuite name="New Test Suite" tests="1" failures="0" errors="0" time="12.738" skipped="0" timestamp="2021-08-10 02:08:03" hostname="jackson.teixeira - RSI0080.rsinet.com.br" id="Test Suites/New Test Suite">
      <properties>
         <property name="deviceName" value=""/>
         <property name="devicePlatform" value=""/>
         <property name="logFolder" value="C:\\Users\\jackson.teixeira\\git\\NextStarAutomationKatalon\\Reports\\20210810_020755\\New Test Suite\\20210810_020755"/>
         <property name="logFiles" value="C:\\Users\\jackson.teixeira\\git\\NextStarAutomationKatalon\\Reports\\20210810_020755\\New Test Suite\\20210810_020755\\execution0.log"/>
         <property name="attachments" value="C:\\Users\\jackson.teixeira\\git\\NextStarAutomationKatalon\\Reports\\20210810_020755\\New Test Suite\\20210810_020755\\1628572091466.png"/>
         <property name="hostName" value="jackson.teixeira - RSI0080.rsinet.com.br"/>
         <property name="os" value="Windows 10 64bit"/>
         <property name="katalonVersion" value="8.0.5.208"/>
         <property name="browser" value="Chrome 92.0.4515.131"/>
         <property name="hostAddress" value="192.168.100.6"/>
         <property name="sessionId" value="a17910637bbf1cd59053d2c04043c92e"/>
         <property name="seleniumVersion" value="3.141.59"/>
         <property name="proxyInformation" value="ProxyInformation { proxyOption=NO_PROXY, proxyServerType=HTTP, username=, password=********, proxyServerAddress=, proxyServerPort=0, executionList=&quot;&quot;, isApplyToDesiredCapabilities=true }"/>
         <property name="platform" value="Windows 10"/>
      </properties>
      <testcase name="Test Cases/RunTestFeature" time="11.069" classname="Test Cases/RunTestFeature" status="PASSED">
         <system-out><![CDATA[2021-08-10 02:08:04 - [TEST_CASE][PASSED] - Test Cases/RunTestFeature: Test Cases/RunTestFeature

2021-08-10 02:08:04 - [TEST_STEP][PASSED] - runFeatureFile("Include/features/Login.feature"): Feature file: 'Include/features/Login.feature' was passed

2021-08-10 02:08:04 - [MESSAGE][INFO] - Starting run keyword runFeatureFile: 'Include/features/Login.feature' and extract report to folder: 'C:\Users\jackson.teixeira\git\NextStarAutomationKatalon\Reports\20210810_020755\New Test Suite\20210810_020755/cucumber_report/1628572084950'...

2021-08-10 02:08:06 - [TEST_CASE][PASSED] - Start Test Case : SCENARIO Realizando Login: SCENARIO Realizando Login

2021-08-10 02:08:06 - [TEST_STEP][PASSED] - que o usuario esta na tela de Login: que o usuario esta na tela de Login

2021-08-10 02:08:06 - [MESSAGE][INFO] - Starting 'Chrome' driver

2021-08-10 02:08:06 - [MESSAGE][INFO] - Action delay is set to 0 milliseconds

2021-08-10 02:08:09 - [MESSAGE][PASSED] - Browser is opened with url: ''

2021-08-10 02:08:11 - [MESSAGE][PASSED] - Navigate to 'http://localhost:4200/#/login' successfully

2021-08-10 02:08:11 - [MESSAGE][PASSED] - Taking screenshot successfully
[[ATTACHMENT|C:\\Users\\jackson.teixeira\\git\\NextStarAutomationKatalon\\Reports\\20210810_020755\\New Test Suite\\20210810_020755\\1628572091466.png]]

2021-08-10 02:08:11 - [MESSAGE][PASSED] - que o usuario esta na tela de Login

2021-08-10 02:08:11 - [TEST_STEP][PASSED] - preencher o campo email com teste@gmail.com: preencher o campo email com teste@gmail.com

2021-08-10 02:08:12 - [MESSAGE][PASSED] - Text 'teste@gmail.com' is set on object 'Object Repository/Login/inputLoginEmail'

2021-08-10 02:08:12 - [MESSAGE][PASSED] - preencher o campo email com teste@gmail.com

2021-08-10 02:08:12 - [TEST_STEP][PASSED] - preencher o campo senha com "tzH6RvlfSTg=": preencher o campo senha com "tzH6RvlfSTg="

2021-08-10 02:08:13 - [MESSAGE][PASSED] - Text ****** has been set on object 'Object Repository/Login/inputLoginSenha'

2021-08-10 02:08:13 - [MESSAGE][PASSED] - preencher o campo senha com "tzH6RvlfSTg="

2021-08-10 02:08:13 - [TEST_STEP][PASSED] - clicar na opcao entrar: clicar na opcao entrar

2021-08-10 02:08:14 - [MESSAGE][PASSED] - Object: 'Object Repository/Login/buttonEntrar' is clicked on

2021-08-10 02:08:14 - [MESSAGE][PASSED] - Browser is closed

2021-08-10 02:08:14 - [MESSAGE][PASSED] - clicar na opcao entrar

2021-08-10 02:08:14 - [TEST_STEP][PASSED] - o sistema apresenta a tela inicial: o sistema apresenta a tela inicial

2021-08-10 02:08:14 - [MESSAGE][PASSED] - o sistema apresenta a tela inicial

2021-08-10 02:08:15 - [MESSAGE][PASSED] - Feature file: 'Include/features/Login.feature' was passed]]></system-out>
         <system-err><![CDATA[]]></system-err>
      </testcase>
      <system-out><![CDATA[2021-08-10 02:08:03 - [TEST_SUITE][PASSED] - New Test Suite: Test Cases/RunTestFeature]]></system-out>
      <system-err><![CDATA[]]></system-err>
   </testsuite>
</testsuites>
